Build started 9/5/2015 9:14:13 PM.
     1>Project "C:\Users\goof\Documents\GitHub\wudt\IoWrapper\IoWrapper.vcxproj" on node 2 (Build target(s)).
     1>ClCompile:
         C:\Program Files (x86)\Microsoft Visual Studio 14.0\VC\bin\CL.exe /c /Zi /nologo /W3 /WX- /O2 /Oy- /GL /D WIN32 /D NDEBUG /D _WINDLL /D _UNICODE /D UNICODE /Gm- /EHsc /MT /GS /fp:precise /Zc:wchar_t /Zc:forScope /Zc:inline /Fo"Release\\" /Fd"Release\vc140.pdb" /Gd /TP /analyze- /errorReport:prompt dutil.cpp memutil.cpp strutil.cpp UsbIOWrapper.cpp
         dutil.cpp
     1>C:\Program Files (x86)\Windows Kits\8.1\Include\um\shlobj.h(2228): warning C4091: 'typedef ': ignored on left of 'tagDTI_ADTIWUI' when no variable is declared
         memutil.cpp
     1>C:\Program Files (x86)\Windows Kits\8.1\Include\um\shlobj.h(2228): warning C4091: 'typedef ': ignored on left of 'tagDTI_ADTIWUI' when no variable is declared
         strutil.cpp
     1>C:\Program Files (x86)\Windows Kits\8.1\Include\um\shlobj.h(2228): warning C4091: 'typedef ': ignored on left of 'tagDTI_ADTIWUI' when no variable is declared
         UsbIOWrapper.cpp
     1>C:\Program Files (x86)\Windows Kits\8.1\Include\um\shlobj.h(2228): warning C4091: 'typedef ': ignored on left of 'tagDTI_ADTIWUI' when no variable is declared
     1>UsbIOWrapper.cpp(106): warning C4996: 'GetVersionExW': was declared deprecated
         C:\Program Files (x86)\Windows Kits\8.1\Include\um\sysinfoapi.h(442): note: see declaration of 'GetVersionExW'
       Link:
         C:\Program Files (x86)\Microsoft Visual Studio 14.0\VC\bin\link.exe /ERRORREPORT:PROMPT /OUT:"C:\Users\goof\Documents\GitHub\wudt\Release\IoWrapper.dll" /INCREMENTAL:NO /NOLOGO /MANIFEST /MANIFESTUAC:"level='asInvoker' uiAccess='false'" /manifest:embed /Debug /PDB:"C:\Users\goof\Documents\GitHub\wudt\Release\IoWrapper.pdb" /LTCG:incremental /TLBID:1 /DYNAMICBASE /NXCOMPAT /IMPLIB:"C:\Users\goof\Documents\GitHub\wudt\Release\IoWrapper.lib" /MACHINE:X86 /SAFESEH /DLL Release\dutil.obj
         Release\memutil.obj
         Release\strutil.obj
         Release\UsbIOWrapper.obj
            Creating library C:\Users\goof\Documents\GitHub\wudt\Release\IoWrapper.lib and object C:\Users\goof\Documents\GitHub\wudt\Release\IoWrapper.exp
         Generating code
         All 31 functions were compiled because no usable IPDB/IOBJ from previous compilation was found.
         Finished generating code
         IoWrapper.vcxproj -> C:\Users\goof\Documents\GitHub\wudt\Release\IoWrapper.dll
     1>Done Building Project "C:\Users\goof\Documents\GitHub\wudt\IoWrapper\IoWrapper.vcxproj" (Build target(s)).

Build succeeded.

Time Elapsed 00:00:06.38
